<?xml version="1.0" encoding="UTF-8" ?>
<testsuite tests="3" failures="0" name="com.github.tilastokeskus.daboia.core.PlayerTest" time="0.024" errors="0" skipped="0">
  <properties>
[...]
</properties>
  <testcase classname="com.github.tilastokeskus.daboia.core.PlayerTest" name="method_setLogicHandler_shouldSetLogicHandlerToPlayerAndPlayerToLogicHandler" time="0.004"/>
  <testcase classname="com.github.tilastokeskus.daboia.core.PlayerTest" name="method_copy_shouldReturnCopyFast" time="0.02"/>
  <testcase classname="com.github.tilastokeskus.daboia.core.PlayerTest" name="method_copy_shouldReturnCopy" time="0"/>
</testsuite>